  [1m[36m (1.7ms)[0m  [1mCREATE TABLE "schema_migrations" ("version" varchar NOT NULL) [0m
  [1m[35m (0.1ms)[0m  select sqlite_version(*)
  [1m[36m (1.6ms)[0m  [1mCREATE UNIQUE INDEX "unique_schema_migrations" ON "schema_migrations" ("version")[0m
  [1m[35mActiveRecord::SchemaMigration Load (0.1ms)[0m  SELECT "schema_migrations".* FROM "schema_migrations"


Started GET "/" for ::1 at 2015-11-17 17:47:54 -0600
Processing by Rails::WelcomeController#index as HTML
  Rendered /Users/admin/.rvm/gems/ruby-2.1.2/gems/railties-4.2.3/lib/rails/templates/rails/welcome/index.html.erb (2.8ms)
Completed 200 OK in 27ms (Views: 19.4ms | ActiveRecord: 0.0ms)
  [1m[36mActiveRecord::SchemaMigration Load (0.1ms)[0m  [1mSELECT "schema_migrations".* FROM "schema_migrations"[0m
Migrating to CreateStudents (1)
  [1m[35m (0.1ms)[0m  begin transaction
  [1m[36m (0.4ms)[0m  [1mCREATE TABLE "students" ("id" INTEGER PRIMARY KEY AUTOINCREMENT NOT NULL, "first_name" varchar, "last_name" varchar, "created_at" datetime NOT NULL, "updated_at" datetime NOT NULL) [0m
  [1m[35mSQL (0.3ms)[0m  INSERT INTO "schema_migrations" ("version") VALUES (?)  [["version", "1"]]
  [1m[36m (1.4ms)[0m  [1mcommit transaction[0m
  [1m[35mActiveRecord::SchemaMigration Load (0.1ms)[0m  SELECT "schema_migrations".* FROM "schema_migrations"
  [1m[36m (0.1ms)[0m  [1mbegin transaction[0m
  [1m[35mSQL (0.3ms)[0m  INSERT INTO "students" ("first_name", "last_name", "created_at", "updated_at") VALUES (?, ?, ?, ?)  [["first_name", "Jordan"], ["last_name", "Hudgens"], ["created_at", "2015-11-18 00:10:55.545365"], ["updated_at", "2015-11-18 00:10:55.545365"]]
  [1m[36m (2.9ms)[0m  [1mcommit transaction[0m
  [1m[35mStudent Load (0.2ms)[0m  SELECT  "students".* FROM "students"  ORDER BY "students"."id" DESC LIMIT 1
  [1m[36m (0.1ms)[0m  [1mbegin transaction[0m
  [1m[35mSQL (0.3ms)[0m  INSERT INTO "students" ("created_at", "updated_at") VALUES (?, ?)  [["created_at", "2015-11-18 00:17:49.095449"], ["updated_at", "2015-11-18 00:17:49.095449"]]
  [1m[36m (1.2ms)[0m  [1mcommit transaction[0m
  [1m[35mStudent Load (0.2ms)[0m  SELECT  "students".* FROM "students"  ORDER BY "students"."id" DESC LIMIT 1
  [1m[36mActiveRecord::SchemaMigration Load (0.1ms)[0m  [1mSELECT "schema_migrations".* FROM "schema_migrations"[0m
  [1m[35mActiveRecord::SchemaMigration Load (0.1ms)[0m  SELECT "schema_migrations".* FROM "schema_migrations"


Started GET "/" for ::1 at 2015-11-18 13:36:42 -0600
  [1m[36mActiveRecord::SchemaMigration Load (0.1ms)[0m  [1mSELECT "schema_migrations".* FROM "schema_migrations"[0m
Processing by Rails::WelcomeController#index as HTML
  Rendered /Users/admin/.rvm/gems/ruby-2.1.2/gems/railties-4.2.3/lib/rails/templates/rails/welcome/index.html.erb (2.4ms)
Completed 200 OK in 39ms (Views: 24.5ms | ActiveRecord: 0.0ms)


Started GET "/" for ::1 at 2015-11-18 13:37:10 -0600
Processing by Rails::WelcomeController#index as HTML
  Rendered /Users/admin/.rvm/gems/ruby-2.1.2/gems/railties-4.2.3/lib/rails/templates/rails/welcome/index.html.erb (0.0ms)
Completed 200 OK in 1ms (Views: 0.7ms | ActiveRecord: 0.0ms)
  [1m[36mActiveRecord::SchemaMigration Load (0.5ms)[0m  [1mSELECT "schema_migrations".* FROM "schema_migrations"[0m
  [1m[35mActiveRecord::SchemaMigration Load (0.1ms)[0m  SELECT "schema_migrations".* FROM "schema_migrations"
  [1m[36mStudent Load (0.4ms)[0m  [1mSELECT  "students".* FROM "students"  ORDER BY "students"."id" DESC LIMIT 1[0m
  [1m[35mStudent Load (0.2ms)[0m  SELECT  "students".* FROM "students"  ORDER BY "students"."id" DESC LIMIT 1
  [1m[36m (0.1ms)[0m  [1mbegin transaction[0m
  [1m[35mSQL (0.6ms)[0m  DELETE FROM "students" WHERE "students"."id" = ?  [["id", 2]]
  [1m[36m (1.6ms)[0m  [1mcommit transaction[0m
  [1m[35mStudent Load (0.2ms)[0m  SELECT "students".* FROM "students"
  [1m[35m (3.0ms)[0m  [1m[35mCREATE TABLE "ar_internal_metadata" ("key" varchar NOT NULL PRIMARY KEY, "value" varchar, "created_at" datetime NOT NULL, "updated_at" datetime NOT NULL)[0m
  [1m[36mActiveRecord::SchemaMigration Load (0.1ms)[0m  [1m[34mSELECT "schema_migrations".* FROM "schema_migrations"[0m
Migrating to CreateSchoolClasses (20200623194642)
  [1m[35m (0.0ms)[0m  [1m[36mbegin transaction[0m
  [1m[35m (0.3ms)[0m  [1m[35mCREATE TABLE "school_classes" ("id" INTEGER PRIMARY KEY AUTOINCREMENT NOT NULL, "title" varchar, "room_number" integer, "created_at" datetime NOT NULL, "updated_at" datetime NOT NULL)[0m
  [1m[35mSQL (0.2ms)[0m  [1m[32mINSERT INTO "schema_migrations" ("version") VALUES (?)[0m  [["version", "20200623194642"]]
  [1m[35m (1.0ms)[0m  [1m[36mcommit transaction[0m
  [1m[36mActiveRecord::InternalMetadata Load (0.1ms)[0m  [1m[34mSELECT  "ar_internal_metadata".* FROM "ar_internal_metadata" WHERE "ar_internal_metadata"."key" = ? LIMIT ?[0m  [["key", "environment"], ["LIMIT", 1]]
  [1m[35m (0.0ms)[0m  [1m[36mbegin transaction[0m
  [1m[35mSQL (0.4ms)[0m  [1m[32mINSERT INTO "ar_internal_metadata" ("key", "value", "created_at", "updated_at") VALUES (?, ?, ?, ?)[0m  [["key", "environment"], ["value", "development"], ["created_at", "2020-06-23 19:47:36.663257"], ["updated_at", "2020-06-23 19:47:36.663257"]]
  [1m[35m (2.2ms)[0m  [1m[36mcommit transaction[0m
  [1m[36mActiveRecord::SchemaMigration Load (0.2ms)[0m  [1m[34mSELECT "schema_migrations".* FROM "schema_migrations"[0m
Started GET "/" for ::1 at 2020-06-23 15:56:53 -0400
  [1m[36mActiveRecord::SchemaMigration Load (0.2ms)[0m  [1m[34mSELECT "schema_migrations".* FROM "schema_migrations"[0m
Processing by Rails::WelcomeController#index as HTML
  Parameters: {"internal"=>true}
  Rendering /Users/joaocardoso193/.rvm/gems/ruby-2.6.1/gems/railties-5.0.7.1/lib/rails/templates/rails/welcome/index.html.erb
  Rendered /Users/joaocardoso193/.rvm/gems/ruby-2.6.1/gems/railties-5.0.7.1/lib/rails/templates/rails/welcome/index.html.erb (3.2ms)
Completed 200 OK in 37ms (Views: 14.7ms | ActiveRecord: 0.0ms)


Started GET "/students" for ::1 at 2020-06-23 15:56:55 -0400
Processing by StudentsController#index as HTML
  Rendering students/index.html.erb within layouts/application
  Rendered students/index.html.erb within layouts/application (0.7ms)
Completed 200 OK in 820ms (Views: 816.2ms | ActiveRecord: 0.0ms)


Started GET "/students" for ::1 at 2020-06-23 15:58:39 -0400
Processing by StudentsController#index as HTML
  Rendering students/index.html.erb within layouts/application
  [1m[36mStudent Load (0.2ms)[0m  [1m[34mSELECT "students".* FROM "students"[0m
  Rendered students/index.html.erb within layouts/application (9.8ms)
Completed 200 OK in 41ms (Views: 38.9ms | ActiveRecord: 0.8ms)


Started GET "/students/1" for ::1 at 2020-06-23 16:00:10 -0400
Processing by StudentsController#show as HTML
  Parameters: {"id"=>"1"}
  [1m[36mStudent Load (0.3ms)[0m  [1m[34mSELECT  "students".* FROM "students" WHERE "students"."id" = ? LIMIT ?[0m  [["id", 1], ["LIMIT", 1]]
  Rendering students/show.html.erb within layouts/application
  Rendered students/show.html.erb within layouts/application (0.4ms)
Completed 200 OK in 65ms (Views: 57.4ms | ActiveRecord: 0.3ms)


Started GET "/" for ::1 at 2020-06-23 16:04:19 -0400
Processing by Rails::WelcomeController#index as HTML
  Parameters: {"internal"=>true}
  Rendering /Users/joaocardoso193/.rvm/gems/ruby-2.6.1/gems/railties-5.0.7.1/lib/rails/templates/rails/welcome/index.html.erb
  Rendered /Users/joaocardoso193/.rvm/gems/ruby-2.6.1/gems/railties-5.0.7.1/lib/rails/templates/rails/welcome/index.html.erb (6.7ms)
Completed 200 OK in 13ms (Views: 10.1ms | ActiveRecord: 0.0ms)


Started GET "/students" for ::1 at 2020-06-23 16:04:22 -0400
Processing by StudentsController#index as HTML
  Rendering students/index.html.erb within layouts/application
  [1m[36mStudent Load (0.3ms)[0m  [1m[34mSELECT "students".* FROM "students"[0m
  Rendered students/index.html.erb within layouts/application (5.2ms)
Completed 200 OK in 68ms (Views: 65.4ms | ActiveRecord: 0.3ms)


Started GET "/students/new" for ::1 at 2020-06-23 16:05:05 -0400
Processing by StudentsController#new as HTML
  Rendering students/new.html.erb within layouts/application
  Rendered students/new.html.erb within layouts/application (27.2ms)
Completed 200 OK in 68ms (Views: 63.0ms | ActiveRecord: 0.0ms)


Started POST "/students" for ::1 at 2020-06-23 16:05:20 -0400
Processing by StudentsController#create as HTML
  Parameters: {"utf8"=>"✓", "authenticity_token"=>"PBU/eLXes0z7U9tCloiAlC55tINrST117+ftbXYFtf8NUD1Vf4FsivaBrCLMdEjv0BfipO99Mgfi2XEZGjHSrg==", "student"=>{"first_name"=>"Joao", "last_name"=>"Cardoso"}, "commit"=>"Create Student"}
  [1m[35m (0.3ms)[0m  [1m[36mbegin transaction[0m
  [1m[35mSQL (0.6ms)[0m  [1m[32mINSERT INTO "students" ("first_name", "last_name", "created_at", "updated_at") VALUES (?, ?, ?, ?)[0m  [["first_name", "Joao"], ["last_name", "Cardoso"], ["created_at", "2020-06-23 20:05:20.187855"], ["updated_at", "2020-06-23 20:05:20.187855"]]
  [1m[35m (15.3ms)[0m  [1m[36mcommit transaction[0m
Redirected to http://localhost:3000/students/3
Completed 302 Found in 21ms (ActiveRecord: 16.2ms)


Started GET "/students/3" for ::1 at 2020-06-23 16:05:20 -0400
Processing by StudentsController#show as HTML
  Parameters: {"id"=>"3"}
  [1m[36mStudent Load (0.1ms)[0m  [1m[34mSELECT  "students".* FROM "students" WHERE "students"."id" = ? LIMIT ?[0m  [["id", 3], ["LIMIT", 1]]
  Rendering students/show.html.erb within layouts/application
  Rendered students/show.html.erb within layouts/application (1.5ms)
Completed 200 OK in 48ms (Views: 43.1ms | ActiveRecord: 0.1ms)


Started GET "/students/" for ::1 at 2020-06-23 16:05:22 -0400
Processing by StudentsController#index as HTML
  Rendering students/index.html.erb within layouts/application
  [1m[36mStudent Load (0.2ms)[0m  [1m[34mSELECT "students".* FROM "students"[0m
  Rendered students/index.html.erb within layouts/application (2.2ms)
Completed 200 OK in 36ms (Views: 33.8ms | ActiveRecord: 0.2ms)


Started GET "/students/2" for ::1 at 2020-06-23 16:05:24 -0400
Processing by StudentsController#show as HTML
  Parameters: {"id"=>"2"}
  [1m[36mStudent Load (0.1ms)[0m  [1m[34mSELECT  "students".* FROM "students" WHERE "students"."id" = ? LIMIT ?[0m  [["id", 2], ["LIMIT", 1]]
Completed 404 Not Found in 1ms (ActiveRecord: 0.1ms)


  
ActiveRecord::RecordNotFound (Couldn't find Student with 'id'=2):
  
app/controllers/students_controller.rb:7:in `show'
  Rendering /Users/joaocardoso193/.rvm/gems/ruby-2.6.1/gems/actionpack-5.0.7.1/lib/action_dispatch/middleware/templates/rescues/diagnostics.html.erb within rescues/layout
  Rendering /Users/joaocardoso193/.rvm/gems/ruby-2.6.1/gems/actionpack-5.0.7.1/lib/action_dispatch/middleware/templates/rescues/_source.html.erb
  Rendered /Users/joaocardoso193/.rvm/gems/ruby-2.6.1/gems/actionpack-5.0.7.1/lib/action_dispatch/middleware/templates/rescues/_source.html.erb (3.6ms)
  Rendering /Users/joaocardoso193/.rvm/gems/ruby-2.6.1/gems/actionpack-5.0.7.1/lib/action_dispatch/middleware/templates/rescues/_trace.html.erb
  Rendered /Users/joaocardoso193/.rvm/gems/ruby-2.6.1/gems/actionpack-5.0.7.1/lib/action_dispatch/middleware/templates/rescues/_trace.html.erb (1.6ms)
  Rendering /Users/joaocardoso193/.rvm/gems/ruby-2.6.1/gems/actionpack-5.0.7.1/lib/action_dispatch/middleware/templates/rescues/_request_and_response.html.erb
  Rendered /Users/joaocardoso193/.rvm/gems/ruby-2.6.1/gems/actionpack-5.0.7.1/lib/action_dispatch/middleware/templates/rescues/_request_and_response.html.erb (0.9ms)
  Rendered /Users/joaocardoso193/.rvm/gems/ruby-2.6.1/gems/actionpack-5.0.7.1/lib/action_dispatch/middleware/templates/rescues/diagnostics.html.erb within rescues/layout (35.6ms)
Started GET "/students/3" for ::1 at 2020-06-23 16:05:27 -0400
Processing by StudentsController#show as HTML
  Parameters: {"id"=>"3"}
  [1m[36mStudent Load (0.2ms)[0m  [1m[34mSELECT  "students".* FROM "students" WHERE "students"."id" = ? LIMIT ?[0m  [["id", 3], ["LIMIT", 1]]
  Rendering students/show.html.erb within layouts/application
  Rendered students/show.html.erb within layouts/application (0.4ms)
Completed 200 OK in 28ms (Views: 24.2ms | ActiveRecord: 0.2ms)


Started GET "/students/1" for ::1 at 2020-06-23 16:05:29 -0400
Processing by StudentsController#show as HTML
  Parameters: {"id"=>"1"}
  [1m[36mStudent Load (0.1ms)[0m  [1m[34mSELECT  "students".* FROM "students" WHERE "students"."id" = ? LIMIT ?[0m  [["id", 1], ["LIMIT", 1]]
  Rendering students/show.html.erb within layouts/application
  Rendered students/show.html.erb within layouts/application (1.0ms)
Completed 200 OK in 33ms (Views: 30.5ms | ActiveRecord: 0.1ms)


  [1m[36mActiveRecord::SchemaMigration Load (0.1ms)[0m  [1m[34mSELECT "schema_migrations".* FROM "schema_migrations"[0m
  [1m[35m (0.1ms)[0m  [1m[34mSELECT "ar_internal_metadata"."value" FROM "ar_internal_metadata" WHERE "ar_internal_metadata"."key" = ?[0m  [["key", "environment"]]
  [1m[36mActiveRecord::SchemaMigration Load (0.0ms)[0m  [1m[34mSELECT "schema_migrations".* FROM "schema_migrations"[0m
  [1m[35m (0.0ms)[0m  [1m[34mSELECT "ar_internal_metadata"."value" FROM "ar_internal_metadata" WHERE "ar_internal_metadata"."key" = ?[0m  [["key", "environment"]]
  [1m[36mActiveRecord::SchemaMigration Load (0.0ms)[0m  [1m[34mSELECT "schema_migrations".* FROM "schema_migrations"[0m
  [1m[35m (0.0ms)[0m  [1m[34mSELECT "ar_internal_metadata"."value" FROM "ar_internal_metadata" WHERE "ar_internal_metadata"."key" = ?[0m  [["key", "environment"]]
  [1m[35m (1.8ms)[0m  [1m[35mCREATE TABLE "schema_migrations" ("version" varchar NOT NULL PRIMARY KEY)[0m
  [1m[35m (1.4ms)[0m  [1m[35mCREATE TABLE "ar_internal_metadata" ("key" varchar NOT NULL PRIMARY KEY, "value" varchar, "created_at" datetime NOT NULL, "updated_at" datetime NOT NULL)[0m
  [1m[36mActiveRecord::SchemaMigration Load (0.1ms)[0m  [1m[34mSELECT "schema_migrations".* FROM "schema_migrations"[0m
Migrating to CreateStudents (1)
  [1m[35m (0.0ms)[0m  [1m[36mbegin transaction[0m
DEPRECATION WARNING: Directly inheriting from ActiveRecord::Migration is deprecated. Please specify the Rails release the migration was written for:

  class CreateStudents < ActiveRecord::Migration[4.2] (called from load at /Users/joaocardoso193/.rvm/gems/ruby-2.6.1/bin/rake:23)
  [1m[35m (0.4ms)[0m  [1m[35mCREATE TABLE "students" ("id" INTEGER PRIMARY KEY AUTOINCREMENT NOT NULL, "first_name" varchar, "last_name" varchar, "created_at" datetime NOT NULL, "updated_at" datetime NOT NULL)[0m
  [1m[35mSQL (0.4ms)[0m  [1m[32mINSERT INTO "schema_migrations" ("version") VALUES (?)[0m  [["version", "1"]]
  [1m[35m (2.2ms)[0m  [1m[36mcommit transaction[0m
Migrating to CreateSchoolClasses (20200623194642)
  [1m[35m (0.1ms)[0m  [1m[36mbegin transaction[0m
  [1m[35m (0.5ms)[0m  [1m[35mCREATE TABLE "school_classes" ("id" INTEGER PRIMARY KEY AUTOINCREMENT NOT NULL, "title" varchar, "room_number" integer, "created_at" datetime NOT NULL, "updated_at" datetime NOT NULL)[0m
  [1m[35mSQL (0.2ms)[0m  [1m[32mINSERT INTO "schema_migrations" ("version") VALUES (?)[0m  [["version", "20200623194642"]]
  [1m[35m (1.4ms)[0m  [1m[36mcommit transaction[0m
  [1m[36mActiveRecord::InternalMetadata Load (0.2ms)[0m  [1m[34mSELECT  "ar_internal_metadata".* FROM "ar_internal_metadata" WHERE "ar_internal_metadata"."key" = ? LIMIT ?[0m  [["key", "environment"], ["LIMIT", 1]]
  [1m[35m (0.1ms)[0m  [1m[36mbegin transaction[0m
  [1m[35mSQL (0.3ms)[0m  [1m[32mINSERT INTO "ar_internal_metadata" ("key", "value", "created_at", "updated_at") VALUES (?, ?, ?, ?)[0m  [["key", "environment"], ["value", "development"], ["created_at", "2020-06-23 20:05:41.552263"], ["updated_at", "2020-06-23 20:05:41.552263"]]
  [1m[35m (1.0ms)[0m  [1m[36mcommit transaction[0m
  [1m[36mActiveRecord::SchemaMigration Load (0.1ms)[0m  [1m[34mSELECT "schema_migrations".* FROM "schema_migrations"[0m
  [1m[36mActiveRecord::SchemaMigration Load (0.1ms)[0m  [1m[34mSELECT "schema_migrations".* FROM "schema_migrations"[0m
Started GET "/students/" for ::1 at 2020-06-23 16:06:01 -0400
  [1m[36mActiveRecord::SchemaMigration Load (0.1ms)[0m  [1m[34mSELECT "schema_migrations".* FROM "schema_migrations"[0m
Processing by StudentsController#index as HTML
  Rendering students/index.html.erb within layouts/application
  [1m[36mStudent Load (0.2ms)[0m  [1m[34mSELECT "students".* FROM "students"[0m
  Rendered students/index.html.erb within layouts/application (24.0ms)
Completed 200 OK in 271ms (Views: 263.7ms | ActiveRecord: 0.4ms)


Started GET "/students/1" for ::1 at 2020-06-23 16:06:04 -0400
Processing by StudentsController#show as HTML
  Parameters: {"id"=>"1"}
  [1m[36mStudent Load (0.2ms)[0m  [1m[34mSELECT  "students".* FROM "students" WHERE "students"."id" = ? LIMIT ?[0m  [["id", 1], ["LIMIT", 1]]
Completed 404 Not Found in 6ms (ActiveRecord: 0.6ms)


  
ActiveRecord::RecordNotFound (Couldn't find Student with 'id'=1):
  
app/controllers/students_controller.rb:7:in `show'
  Rendering /Users/joaocardoso193/.rvm/gems/ruby-2.6.1/gems/actionpack-5.0.7.1/lib/action_dispatch/middleware/templates/rescues/diagnostics.html.erb within rescues/layout
  Rendering /Users/joaocardoso193/.rvm/gems/ruby-2.6.1/gems/actionpack-5.0.7.1/lib/action_dispatch/middleware/templates/rescues/_source.html.erb
  Rendered /Users/joaocardoso193/.rvm/gems/ruby-2.6.1/gems/actionpack-5.0.7.1/lib/action_dispatch/middleware/templates/rescues/_source.html.erb (3.4ms)
  Rendering /Users/joaocardoso193/.rvm/gems/ruby-2.6.1/gems/actionpack-5.0.7.1/lib/action_dispatch/middleware/templates/rescues/_trace.html.erb
  Rendered /Users/joaocardoso193/.rvm/gems/ruby-2.6.1/gems/actionpack-5.0.7.1/lib/action_dispatch/middleware/templates/rescues/_trace.html.erb (2.0ms)
  Rendering /Users/joaocardoso193/.rvm/gems/ruby-2.6.1/gems/actionpack-5.0.7.1/lib/action_dispatch/middleware/templates/rescues/_request_and_response.html.erb
  Rendered /Users/joaocardoso193/.rvm/gems/ruby-2.6.1/gems/actionpack-5.0.7.1/lib/action_dispatch/middleware/templates/rescues/_request_and_response.html.erb (1.8ms)
  Rendered /Users/joaocardoso193/.rvm/gems/ruby-2.6.1/gems/actionpack-5.0.7.1/lib/action_dispatch/middleware/templates/rescues/diagnostics.html.erb within rescues/layout (44.1ms)
Started GET "/students/new" for ::1 at 2020-06-23 16:06:06 -0400
Processing by StudentsController#new as HTML
  Rendering students/new.html.erb within layouts/application
  Rendered students/new.html.erb within layouts/application (16.0ms)
Completed 200 OK in 53ms (Views: 46.6ms | ActiveRecord: 0.0ms)


Started POST "/students" for ::1 at 2020-06-23 16:06:11 -0400
Processing by StudentsController#create as HTML
  Parameters: {"utf8"=>"✓", "authenticity_token"=>"CvCz3C0H1YpgBQqJq2ORKqqJ4/5jcE41JoPYEvFrjUY7tbHx51gKTG3Xfenxn1lRVOe12edEQUcrvURmnV/qFw==", "student"=>{"first_name"=>"Joao", "last_name"=>"Cardoso"}, "commit"=>"Create Student"}
  [1m[35m (0.1ms)[0m  [1m[36mbegin transaction[0m
  [1m[35mSQL (0.6ms)[0m  [1m[32mINSERT INTO "students" ("first_name", "last_name", "created_at", "updated_at") VALUES (?, ?, ?, ?)[0m  [["first_name", "Joao"], ["last_name", "Cardoso"], ["created_at", "2020-06-23 20:06:11.245245"], ["updated_at", "2020-06-23 20:06:11.245245"]]
  [1m[35m (3.3ms)[0m  [1m[36mcommit transaction[0m
Redirected to http://localhost:3000/students/1
Completed 302 Found in 10ms (ActiveRecord: 4.0ms)


  [1m[36mStudent Load (1.5ms)[0m  [1m[34mSELECT "students".* FROM "students"[0m
Started GET "/students/1" for ::1 at 2020-06-23 16:06:51 -0400
  [1m[36mActiveRecord::SchemaMigration Load (0.1ms)[0m  [1m[34mSELECT "schema_migrations".* FROM "schema_migrations"[0m
Processing by StudentsController#show as HTML
  Parameters: {"id"=>"1"}
  [1m[36mStudent Load (0.1ms)[0m  [1m[34mSELECT  "students".* FROM "students" WHERE "students"."id" = ? LIMIT ?[0m  [["id", 1], ["LIMIT", 1]]
  Rendering students/show.html.erb within layouts/application
  Rendered students/show.html.erb within layouts/application (1.9ms)
Completed 200 OK in 236ms (Views: 215.8ms | ActiveRecord: 0.5ms)


Started GET "/students/" for ::1 at 2020-06-23 16:06:57 -0400
Processing by StudentsController#index as HTML
  Rendering students/index.html.erb within layouts/application
  [1m[36mStudent Load (0.5ms)[0m  [1m[34mSELECT "students".* FROM "students"[0m
  Rendered students/index.html.erb within layouts/application (2.2ms)
Completed 200 OK in 33ms (Views: 29.8ms | ActiveRecord: 0.5ms)


Started GET "/students/new" for ::1 at 2020-06-23 16:07:01 -0400
Processing by StudentsController#new as HTML
  Rendering students/new.html.erb within layouts/application
  Rendered students/new.html.erb within layouts/application (15.9ms)
Completed 200 OK in 40ms (Views: 38.2ms | ActiveRecord: 0.0ms)


Started POST "/students" for ::1 at 2020-06-23 16:07:05 -0400
Processing by StudentsController#create as HTML
  Parameters: {"utf8"=>"✓", "authenticity_token"=>"/FkkZL+mNvwybe5rsWiP2t2NP7acz3OOEIrDYPER4fHNHCZJdfnpOj+/mQvrlEehI+NpkRj7fPwdtF8UnSWGoA==", "student"=>{"first_name"=>"Ivy", "last_name"=>"Fan"}, "commit"=>"Create Student"}
  [1m[35m (0.1ms)[0m  [1m[36mbegin transaction[0m
  [1m[35mSQL (0.7ms)[0m  [1m[32mINSERT INTO "students" ("first_name", "last_name", "created_at", "updated_at") VALUES (?, ?, ?, ?)[0m  [["first_name", "Ivy"], ["last_name", "Fan"], ["created_at", "2020-06-23 20:07:05.831554"], ["updated_at", "2020-06-23 20:07:05.831554"]]
  [1m[35m (4.0ms)[0m  [1m[36mcommit transaction[0m
Redirected to http://localhost:3000/students/2
Completed 302 Found in 8ms (ActiveRecord: 4.8ms)


Started GET "/students/2" for ::1 at 2020-06-23 16:07:05 -0400
Processing by StudentsController#show as HTML
  Parameters: {"id"=>"2"}
  [1m[36mStudent Load (0.2ms)[0m  [1m[34mSELECT  "students".* FROM "students" WHERE "students"."id" = ? LIMIT ?[0m  [["id", 2], ["LIMIT", 1]]
  Rendering students/show.html.erb within layouts/application
  Rendered students/show.html.erb within layouts/application (0.5ms)
Completed 200 OK in 36ms (Views: 32.8ms | ActiveRecord: 0.2ms)


Started GET "/students" for ::1 at 2020-06-23 16:07:08 -0400
Processing by StudentsController#index as HTML
  Rendering students/index.html.erb within layouts/application
  [1m[36mStudent Load (0.1ms)[0m  [1m[34mSELECT "students".* FROM "students"[0m
  Rendered students/index.html.erb within layouts/application (0.9ms)
Completed 200 OK in 26ms (Views: 23.6ms | ActiveRecord: 0.1ms)


Started GET "/students/new" for ::1 at 2020-06-23 16:07:13 -0400
Processing by StudentsController#new as HTML
  Rendering students/new.html.erb within layouts/application
  Rendered students/new.html.erb within layouts/application (3.0ms)
Completed 200 OK in 32ms (Views: 30.3ms | ActiveRecord: 0.0ms)


Started POST "/students" for ::1 at 2020-06-23 16:07:19 -0400
Processing by StudentsController#create as HTML
  Parameters: {"utf8"=>"✓", "authenticity_token"=>"8teWlxyCtFQ57iKmJrbg4T+Zc0TTm2JCHTeh3DZkhyvDkpS61t1rkjQ8VcZ8SiiawfclY1evbTAQCT2oWlDgeg==", "student"=>{"first_name"=>"Tom", "last_name"=>"Coile"}, "commit"=>"Create Student"}
  [1m[35m (0.1ms)[0m  [1m[36mbegin transaction[0m
  [1m[35mSQL (2.2ms)[0m  [1m[32mINSERT INTO "students" ("first_name", "last_name", "created_at", "updated_at") VALUES (?, ?, ?, ?)[0m  [["first_name", "Tom"], ["last_name", "Coile"], ["created_at", "2020-06-23 20:07:19.958174"], ["updated_at", "2020-06-23 20:07:19.958174"]]
  [1m[35m (2.6ms)[0m  [1m[36mcommit transaction[0m
Redirected to http://localhost:3000/students/3
Completed 302 Found in 8ms (ActiveRecord: 4.9ms)


Started GET "/students/3" for ::1 at 2020-06-23 16:07:19 -0400
Processing by StudentsController#show as HTML
  Parameters: {"id"=>"3"}
  [1m[36mStudent Load (0.2ms)[0m  [1m[34mSELECT  "students".* FROM "students" WHERE "students"."id" = ? LIMIT ?[0m  [["id", 3], ["LIMIT", 1]]
  Rendering students/show.html.erb within layouts/application
  Rendered students/show.html.erb within layouts/application (0.5ms)
Completed 200 OK in 49ms (Views: 46.6ms | ActiveRecord: 0.2ms)


Started GET "/students" for ::1 at 2020-06-23 16:07:22 -0400
Processing by StudentsController#index as HTML
  Rendering students/index.html.erb within layouts/application
  [1m[36mStudent Load (0.2ms)[0m  [1m[34mSELECT "students".* FROM "students"[0m
  Rendered students/index.html.erb within layouts/application (1.5ms)
Completed 200 OK in 25ms (Views: 23.8ms | ActiveRecord: 0.2ms)


Started GET "/students/new" for ::1 at 2020-06-23 16:07:27 -0400
Processing by StudentsController#new as HTML
  Rendering students/new.html.erb within layouts/application
  Rendered students/new.html.erb within layouts/application (1.6ms)
Completed 200 OK in 41ms (Views: 39.8ms | ActiveRecord: 0.0ms)


Started POST "/students" for ::1 at 2020-06-23 16:07:34 -0400
Processing by StudentsController#create as HTML
  Parameters: {"utf8"=>"✓", "authenticity_token"=>"xR3LnCszipp7qKuD9Ip0uDh8tzdYnOCwOfigmufU1AL0WMmx4WxVXHZ63OOudrzDxhLhENyo78I0xjzui+CzUw==", "student"=>{"first_name"=>"Dylan", "last_name"=>"Schewitz"}, "commit"=>"Create Student"}
  [1m[35m (0.1ms)[0m  [1m[36mbegin transaction[0m
  [1m[35mSQL (2.7ms)[0m  [1m[32mINSERT INTO "students" ("first_name", "last_name", "created_at", "updated_at") VALUES (?, ?, ?, ?)[0m  [["first_name", "Dylan"], ["last_name", "Schewitz"], ["created_at", "2020-06-23 20:07:34.994019"], ["updated_at", "2020-06-23 20:07:34.994019"]]
  [1m[35m (2.6ms)[0m  [1m[36mcommit transaction[0m
Redirected to http://localhost:3000/students/4
Completed 302 Found in 9ms (ActiveRecord: 5.3ms)


Started GET "/students/4" for ::1 at 2020-06-23 16:07:35 -0400
Processing by StudentsController#show as HTML
  Parameters: {"id"=>"4"}
  [1m[36mStudent Load (0.2ms)[0m  [1m[34mSELECT  "students".* FROM "students" WHERE "students"."id" = ? LIMIT ?[0m  [["id", 4], ["LIMIT", 1]]
  Rendering students/show.html.erb within layouts/application
  Rendered students/show.html.erb within layouts/application (0.7ms)
Completed 200 OK in 41ms (Views: 37.7ms | ActiveRecord: 0.2ms)


Started GET "/students/" for ::1 at 2020-06-23 16:07:37 -0400
Processing by StudentsController#index as HTML
  Rendering students/index.html.erb within layouts/application
  [1m[36mStudent Load (0.1ms)[0m  [1m[34mSELECT "students".* FROM "students"[0m
  Rendered students/index.html.erb within layouts/application (1.2ms)
Completed 200 OK in 30ms (Views: 27.9ms | ActiveRecord: 0.1ms)


Started GET "/students/1" for ::1 at 2020-06-23 16:09:09 -0400
Processing by StudentsController#show as HTML
  Parameters: {"id"=>"1"}
  [1m[36mStudent Load (0.1ms)[0m  [1m[34mSELECT  "students".* FROM "students" WHERE "students"."id" = ? LIMIT ?[0m  [["id", 1], ["LIMIT", 1]]
  Rendering students/show.html.erb within layouts/application
  Rendered students/show.html.erb within layouts/application (0.5ms)
Completed 200 OK in 28ms (Views: 23.7ms | ActiveRecord: 0.1ms)


Started GET "/students/1/edit" for ::1 at 2020-06-23 16:09:11 -0400
Processing by StudentsController#edit as HTML
  Parameters: {"id"=>"1"}
  [1m[36mStudent Load (0.2ms)[0m  [1m[34mSELECT  "students".* FROM "students" WHERE "students"."id" = ? LIMIT ?[0m  [["id", 1], ["LIMIT", 1]]
  Rendering students/edit.html.erb within layouts/application
  Rendered students/edit.html.erb within layouts/application (10.2ms)
Completed 500 Internal Server Error in 16ms (ActiveRecord: 0.2ms)


  
ActionView::Template::Error (undefined method `student' for #<Student:0x00007fd85fc091c8>):
    1: <%= form_for(@student) do |f| %>
    2:   <label>Student:</label><br>
    3:   <%= f.text_field :student %><br>
    4:   <%= f.submit %>
    5: <% end %>
  
app/views/students/edit.html.erb:3:in `block in _app_views_students_edit_html_erb__810171410468917465_70283648057420'
app/views/students/edit.html.erb:1:in `_app_views_students_edit_html_erb__810171410468917465_70283648057420'
  Rendering /Users/joaocardoso193/.rvm/gems/ruby-2.6.1/gems/actionpack-5.0.7.1/lib/action_dispatch/middleware/templates/rescues/template_error.html.erb within rescues/layout
  Rendering /Users/joaocardoso193/.rvm/gems/ruby-2.6.1/gems/actionpack-5.0.7.1/lib/action_dispatch/middleware/templates/rescues/_source.html.erb
  Rendered /Users/joaocardoso193/.rvm/gems/ruby-2.6.1/gems/actionpack-5.0.7.1/lib/action_dispatch/middleware/templates/rescues/_source.html.erb (3.1ms)
  Rendering /Users/joaocardoso193/.rvm/gems/ruby-2.6.1/gems/actionpack-5.0.7.1/lib/action_dispatch/middleware/templates/rescues/_trace.html.erb
  Rendered /Users/joaocardoso193/.rvm/gems/ruby-2.6.1/gems/actionpack-5.0.7.1/lib/action_dispatch/middleware/templates/rescues/_trace.html.erb (1.4ms)
  Rendering /Users/joaocardoso193/.rvm/gems/ruby-2.6.1/gems/actionpack-5.0.7.1/lib/action_dispatch/middleware/templates/rescues/_request_and_response.html.erb
  Rendered /Users/joaocardoso193/.rvm/gems/ruby-2.6.1/gems/actionpack-5.0.7.1/lib/action_dispatch/middleware/templates/rescues/_request_and_response.html.erb (0.8ms)
  Rendered /Users/joaocardoso193/.rvm/gems/ruby-2.6.1/gems/actionpack-5.0.7.1/lib/action_dispatch/middleware/templates/rescues/template_error.html.erb within rescues/layout (32.0ms)
Started GET "/students/1/edit" for ::1 at 2020-06-23 16:09:40 -0400
Processing by StudentsController#edit as HTML
  Parameters: {"id"=>"1"}
  [1m[36mStudent Load (0.1ms)[0m  [1m[34mSELECT  "students".* FROM "students" WHERE "students"."id" = ? LIMIT ?[0m  [["id", 1], ["LIMIT", 1]]
  Rendering students/edit.html.erb within layouts/application
  Rendered students/edit.html.erb within layouts/application (2.3ms)
Completed 200 OK in 37ms (Views: 35.1ms | ActiveRecord: 0.1ms)


Started PATCH "/students/1" for ::1 at 2020-06-23 16:09:46 -0400
Processing by StudentsController#update as HTML
  Parameters: {"utf8"=>"✓", "authenticity_token"=>"9GYaxDfwYZazYQ7GA9Nl4WHymxFQZZctwsvPuoyFi1bFIxjp/a++UL6zeaZZL62an5zNNtRRmF/P9VPO4LHsBw==", "student"=>{"first_name"=>"Joao", "last_name"=>"Cardosa"}, "commit"=>"Update Student", "id"=>"1"}
  [1m[36mStudent Load (0.1ms)[0m  [1m[34mSELECT  "students".* FROM "students" WHERE "students"."id" = ? LIMIT ?[0m  [["id", 1], ["LIMIT", 1]]
  [1m[35m (0.1ms)[0m  [1m[36mbegin transaction[0m
  [1m[35mSQL (0.6ms)[0m  [1m[33mUPDATE "students" SET "last_name" = ?, "updated_at" = ? WHERE "students"."id" = ?[0m  [["last_name", "Cardosa"], ["updated_at", "2020-06-23 20:09:46.603680"], ["id", 1]]
  [1m[35m (3.6ms)[0m  [1m[36mcommit transaction[0m
Redirected to http://localhost:3000/students/1
Completed 302 Found in 10ms (ActiveRecord: 4.3ms)


Started GET "/students/1" for ::1 at 2020-06-23 16:09:46 -0400
Processing by StudentsController#show as HTML
  Parameters: {"id"=>"1"}
  [1m[36mStudent Load (0.3ms)[0m  [1m[34mSELECT  "students".* FROM "students" WHERE "students"."id" = ? LIMIT ?[0m  [["id", 1], ["LIMIT", 1]]
  Rendering students/show.html.erb within layouts/application
  Rendered students/show.html.erb within layouts/application (1.3ms)
Completed 200 OK in 52ms (Views: 47.1ms | ActiveRecord: 0.3ms)


Started GET "/students" for ::1 at 2020-06-23 16:09:53 -0400
Processing by StudentsController#index as HTML
  Rendering students/index.html.erb within layouts/application
  [1m[36mStudent Load (0.2ms)[0m  [1m[34mSELECT "students".* FROM "students"[0m
  Rendered students/index.html.erb within layouts/application (1.9ms)
Completed 200 OK in 42ms (Views: 40.0ms | ActiveRecord: 0.2ms)


Started GET "/students/edit" for ::1 at 2020-06-23 16:09:59 -0400
Processing by StudentsController#show as HTML
  Parameters: {"id"=>"edit"}
  [1m[36mStudent Load (0.2ms)[0m  [1m[34mSELECT  "students".* FROM "students" WHERE "students"."id" = ? LIMIT ?[0m  [["id", 0], ["LIMIT", 1]]
Completed 404 Not Found in 2ms (ActiveRecord: 0.2ms)


  
ActiveRecord::RecordNotFound (Couldn't find Student with 'id'=edit):
  
app/controllers/students_controller.rb:7:in `show'
  Rendering /Users/joaocardoso193/.rvm/gems/ruby-2.6.1/gems/actionpack-5.0.7.1/lib/action_dispatch/middleware/templates/rescues/diagnostics.html.erb within rescues/layout
  Rendering /Users/joaocardoso193/.rvm/gems/ruby-2.6.1/gems/actionpack-5.0.7.1/lib/action_dispatch/middleware/templates/rescues/_source.html.erb
  Rendered /Users/joaocardoso193/.rvm/gems/ruby-2.6.1/gems/actionpack-5.0.7.1/lib/action_dispatch/middleware/templates/rescues/_source.html.erb (14.0ms)
  Rendering /Users/joaocardoso193/.rvm/gems/ruby-2.6.1/gems/actionpack-5.0.7.1/lib/action_dispatch/middleware/templates/rescues/_trace.html.erb
  Rendered /Users/joaocardoso193/.rvm/gems/ruby-2.6.1/gems/actionpack-5.0.7.1/lib/action_dispatch/middleware/templates/rescues/_trace.html.erb (3.2ms)
  Rendering /Users/joaocardoso193/.rvm/gems/ruby-2.6.1/gems/actionpack-5.0.7.1/lib/action_dispatch/middleware/templates/rescues/_request_and_response.html.erb
  Rendered /Users/joaocardoso193/.rvm/gems/ruby-2.6.1/gems/actionpack-5.0.7.1/lib/action_dispatch/middleware/templates/rescues/_request_and_response.html.erb (1.1ms)
  Rendered /Users/joaocardoso193/.rvm/gems/ruby-2.6.1/gems/actionpack-5.0.7.1/lib/action_dispatch/middleware/templates/rescues/diagnostics.html.erb within rescues/layout (37.6ms)
Started GET "/students/1" for ::1 at 2020-06-23 16:10:02 -0400
Processing by StudentsController#show as HTML
  Parameters: {"id"=>"1"}
  [1m[36mStudent Load (0.1ms)[0m  [1m[34mSELECT  "students".* FROM "students" WHERE "students"."id" = ? LIMIT ?[0m  [["id", 1], ["LIMIT", 1]]
  Rendering students/show.html.erb within layouts/application
  Rendered students/show.html.erb within layouts/application (0.4ms)
Completed 200 OK in 44ms (Views: 39.1ms | ActiveRecord: 0.1ms)


Started GET "/students/1/edit" for ::1 at 2020-06-23 16:10:03 -0400
Processing by StudentsController#edit as HTML
  Parameters: {"id"=>"1"}
  [1m[36mStudent Load (0.1ms)[0m  [1m[34mSELECT  "students".* FROM "students" WHERE "students"."id" = ? LIMIT ?[0m  [["id", 1], ["LIMIT", 1]]
  Rendering students/edit.html.erb within layouts/application
  Rendered students/edit.html.erb within layouts/application (2.9ms)
Completed 200 OK in 33ms (Views: 31.3ms | ActiveRecord: 0.1ms)


Started PATCH "/students/1" for ::1 at 2020-06-23 16:10:05 -0400
Processing by StudentsController#update as HTML
  Parameters: {"utf8"=>"✓", "authenticity_token"=>"mPxumwp4XkxiOQ3/WyQGzm9xqOonIsiFoPtkvU+hw1apuWy2wCeBim/rep8B2M61kR/+zaMWx/etxfjJI5WkBw==", "student"=>{"first_name"=>"Joao", "last_name"=>"Cardoso"}, "commit"=>"Update Student", "id"=>"1"}
  [1m[36mStudent Load (0.1ms)[0m  [1m[34mSELECT  "students".* FROM "students" WHERE "students"."id" = ? LIMIT ?[0m  [["id", 1], ["LIMIT", 1]]
  [1m[35m (0.0ms)[0m  [1m[36mbegin transaction[0m
  [1m[35mSQL (0.4ms)[0m  [1m[33mUPDATE "students" SET "last_name" = ?, "updated_at" = ? WHERE "students"."id" = ?[0m  [["last_name", "Cardoso"], ["updated_at", "2020-06-23 20:10:05.652072"], ["id", 1]]
  [1m[35m (3.8ms)[0m  [1m[36mcommit transaction[0m
Redirected to http://localhost:3000/students/1
Completed 302 Found in 9ms (ActiveRecord: 4.4ms)


Started GET "/students/1" for ::1 at 2020-06-23 16:10:05 -0400
Processing by StudentsController#show as HTML
  Parameters: {"id"=>"1"}
  [1m[36mStudent Load (0.2ms)[0m  [1m[34mSELECT  "students".* FROM "students" WHERE "students"."id" = ? LIMIT ?[0m  [["id", 1], ["LIMIT", 1]]
  Rendering students/show.html.erb within layouts/application
  Rendered students/show.html.erb within layouts/application (0.7ms)
Completed 200 OK in 32ms (Views: 30.5ms | ActiveRecord: 0.2ms)


Started GET "/students" for ::1 at 2020-06-23 16:10:07 -0400
Processing by StudentsController#index as HTML
  Rendering students/index.html.erb within layouts/application
  [1m[36mStudent Load (0.2ms)[0m  [1m[34mSELECT "students".* FROM "students"[0m
  Rendered students/index.html.erb within layouts/application (2.1ms)
Completed 200 OK in 23ms (Views: 21.7ms | ActiveRecord: 0.2ms)


Started GET "/school-classes" for ::1 at 2020-06-23 16:21:09 -0400
  [1m[36mActiveRecord::SchemaMigration Load (0.1ms)[0m  [1m[34mSELECT "schema_migrations".* FROM "schema_migrations"[0m
  
ActionController::RoutingError (No route matches [GET] "/school-classes"):
  
actionpack (5.0.7.1) lib/action_dispatch/middleware/debug_exceptions.rb:53:in `call'
actionpack (5.0.7.1) lib/action_dispatch/middleware/show_exceptions.rb:31:in `call'
railties (5.0.7.1) lib/rails/rack/logger.rb:36:in `call_app'
railties (5.0.7.1) lib/rails/rack/logger.rb:24:in `block in call'
activesupport (5.0.7.1) lib/active_support/tagged_logging.rb:69:in `block in tagged'
activesupport (5.0.7.1) lib/active_support/tagged_logging.rb:26:in `tagged'
activesupport (5.0.7.1) lib/active_support/tagged_logging.rb:69:in `tagged'
railties (5.0.7.1) lib/rails/rack/logger.rb:24:in `call'
sprockets-rails (3.2.1) lib/sprockets/rails/quiet_assets.rb:13:in `call'
actionpack (5.0.7.1) lib/action_dispatch/middleware/request_id.rb:24:in `call'
rack (2.0.8) lib/rack/method_override.rb:22:in `call'
rack (2.0.8) lib/rack/runtime.rb:22:in `call'
activesupport (5.0.7.1) lib/active_support/cache/strategy/local_cache_middleware.rb:28:in `call'
actionpack (5.0.7.1) lib/action_dispatch/middleware/executor.rb:12:in `call'
actionpack (5.0.7.1) lib/action_dispatch/middleware/static.rb:136:in `call'
rack (2.0.8) lib/rack/sendfile.rb:111:in `call'
railties (5.0.7.1) lib/rails/engine.rb:522:in `call'
rack (2.0.8) lib/rack/handler/webrick.rb:86:in `service'
/Users/joaocardoso193/.rvm/rubies/ruby-2.6.1/lib/ruby/2.6.0/webrick/httpserver.rb:140:in `service'
/Users/joaocardoso193/.rvm/rubies/ruby-2.6.1/lib/ruby/2.6.0/webrick/httpserver.rb:96:in `run'
/Users/joaocardoso193/.rvm/rubies/ruby-2.6.1/lib/ruby/2.6.0/webrick/server.rb:307:in `block in start_thread'
  Rendering /Users/joaocardoso193/.rvm/gems/ruby-2.6.1/gems/actionpack-5.0.7.1/lib/action_dispatch/middleware/templates/rescues/routing_error.html.erb within rescues/layout
  Rendering /Users/joaocardoso193/.rvm/gems/ruby-2.6.1/gems/actionpack-5.0.7.1/lib/action_dispatch/middleware/templates/rescues/_trace.html.erb
  Rendered /Users/joaocardoso193/.rvm/gems/ruby-2.6.1/gems/actionpack-5.0.7.1/lib/action_dispatch/middleware/templates/rescues/_trace.html.erb (0.9ms)
  Rendered collection of /Users/joaocardoso193/.rvm/gems/ruby-2.6.1/gems/actionpack-5.0.7.1/lib/action_dispatch/middleware/templates/routes/_route.html.erb [14 times] (3.2ms)
  Rendered /Users/joaocardoso193/.rvm/gems/ruby-2.6.1/gems/actionpack-5.0.7.1/lib/action_dispatch/middleware/templates/routes/_table.html.erb (12.2ms)
  Rendering /Users/joaocardoso193/.rvm/gems/ruby-2.6.1/gems/actionpack-5.0.7.1/lib/action_dispatch/middleware/templates/rescues/_request_and_response.html.erb
  Rendered /Users/joaocardoso193/.rvm/gems/ruby-2.6.1/gems/actionpack-5.0.7.1/lib/action_dispatch/middleware/templates/rescues/_request_and_response.html.erb (9.5ms)
  Rendered /Users/joaocardoso193/.rvm/gems/ruby-2.6.1/gems/actionpack-5.0.7.1/lib/action_dispatch/middleware/templates/rescues/routing_error.html.erb within rescues/layout (77.0ms)
Started GET "/school_classes" for ::1 at 2020-06-23 16:21:15 -0400
Processing by SchoolClassesController#index as HTML
  Rendering school_classes/index.html.erb within layouts/application
  Rendered school_classes/index.html.erb within layouts/application (0.9ms)
Completed 500 Internal Server Error in 12ms (ActiveRecord: 0.0ms)


  
SyntaxError (/Users/joaocardoso193/Documents/Flatiron/Learn/rails-form_for-lab-yale-web-yss-052520/app/views/school_classes/index.html.erb:1: syntax error, unexpected class, expecting '|'
...w; @school_class.each do |class| 
...                          ^~~~~
/Users/joaocardoso193/Documents/Flatiron/Learn/rails-form_for-lab-yale-web-yss-052520/app/views/school_classes/index.html.erb:2: syntax error, unexpected '.'
...;@output_buffer.append=( class.to_s );@output_buffer.safe_ap...
...                              ^
/Users/joaocardoso193/Documents/Flatiron/Learn/rails-form_for-lab-yale-web-yss-052520/app/views/school_classes/index.html.erb:4: syntax error, unexpected ensure, expecting end-of-input
          ensure
          ^~~~~~):
  
app/views/school_classes/index.html.erb:1: syntax error, unexpected class, expecting '|'
app/views/school_classes/index.html.erb:2: syntax error, unexpected '.'
app/views/school_classes/index.html.erb:4: syntax error, unexpected ensure, expecting end-of-input
  Rendering /Users/joaocardoso193/.rvm/gems/ruby-2.6.1/gems/actionpack-5.0.7.1/lib/action_dispatch/middleware/templates/rescues/diagnostics.html.erb within rescues/layout
  Rendering /Users/joaocardoso193/.rvm/gems/ruby-2.6.1/gems/actionpack-5.0.7.1/lib/action_dispatch/middleware/templates/rescues/_source.html.erb
  Rendered /Users/joaocardoso193/.rvm/gems/ruby-2.6.1/gems/actionpack-5.0.7.1/lib/action_dispatch/middleware/templates/rescues/_source.html.erb (6.1ms)
  Rendering /Users/joaocardoso193/.rvm/gems/ruby-2.6.1/gems/actionpack-5.0.7.1/lib/action_dispatch/middleware/templates/rescues/_trace.html.erb
  Rendered /Users/joaocardoso193/.rvm/gems/ruby-2.6.1/gems/actionpack-5.0.7.1/lib/action_dispatch/middleware/templates/rescues/_trace.html.erb (2.1ms)
  Rendering /Users/joaocardoso193/.rvm/gems/ruby-2.6.1/gems/actionpack-5.0.7.1/lib/action_dispatch/middleware/templates/rescues/_request_and_response.html.erb
  Rendered /Users/joaocardoso193/.rvm/gems/ruby-2.6.1/gems/actionpack-5.0.7.1/lib/action_dispatch/middleware/templates/rescues/_request_and_response.html.erb (1.6ms)
  Rendered /Users/joaocardoso193/.rvm/gems/ruby-2.6.1/gems/actionpack-5.0.7.1/lib/action_dispatch/middleware/templates/rescues/diagnostics.html.erb within rescues/layout (30.9ms)
Started GET "/school_classes" for ::1 at 2020-06-23 16:22:09 -0400
Processing by SchoolClassesController#index as HTML
  Rendering school_classes/index.html.erb within layouts/application
  Rendered school_classes/index.html.erb within layouts/application (0.9ms)
Completed 200 OK in 258ms (Views: 255.7ms | ActiveRecord: 0.0ms)


Started GET "/school_classes" for ::1 at 2020-06-23 16:22:52 -0400
Processing by SchoolClassesController#index as HTML
  Rendering school_classes/index.html.erb within layouts/application
  Rendered school_classes/index.html.erb within layouts/application (1.0ms)
Completed 500 Internal Server Error in 7ms (ActiveRecord: 0.0ms)


  
SyntaxError (/Users/joaocardoso193/Documents/Flatiron/Learn/rails-form_for-lab-yale-web-yss-052520/app/views/school_classes/index.html.erb:1: syntax error, unexpected class, expecting '|'
...er.new; @classes.each do |class| 
...                          ^~~~~
/Users/joaocardoso193/Documents/Flatiron/Learn/rails-form_for-lab-yale-web-yss-052520/app/views/school_classes/index.html.erb:2: syntax error, unexpected '.'
...;@output_buffer.append=( class.to_s );@output_buffer.safe_ap...
...                              ^
/Users/joaocardoso193/Documents/Flatiron/Learn/rails-form_for-lab-yale-web-yss-052520/app/views/school_classes/index.html.erb:4: syntax error, unexpected ensure, expecting end-of-input
          ensure
          ^~~~~~):
  
app/views/school_classes/index.html.erb:1: syntax error, unexpected class, expecting '|'
app/views/school_classes/index.html.erb:2: syntax error, unexpected '.'
app/views/school_classes/index.html.erb:4: syntax error, unexpected ensure, expecting end-of-input
  Rendering /Users/joaocardoso193/.rvm/gems/ruby-2.6.1/gems/actionpack-5.0.7.1/lib/action_dispatch/middleware/templates/rescues/diagnostics.html.erb within rescues/layout
  Rendering /Users/joaocardoso193/.rvm/gems/ruby-2.6.1/gems/actionpack-5.0.7.1/lib/action_dispatch/middleware/templates/rescues/_source.html.erb
  Rendered /Users/joaocardoso193/.rvm/gems/ruby-2.6.1/gems/actionpack-5.0.7.1/lib/action_dispatch/middleware/templates/rescues/_source.html.erb (17.9ms)
  Rendering /Users/joaocardoso193/.rvm/gems/ruby-2.6.1/gems/actionpack-5.0.7.1/lib/action_dispatch/middleware/templates/rescues/_trace.html.erb
  Rendered /Users/joaocardoso193/.rvm/gems/ruby-2.6.1/gems/actionpack-5.0.7.1/lib/action_dispatch/middleware/templates/rescues/_trace.html.erb (3.8ms)
  Rendering /Users/joaocardoso193/.rvm/gems/ruby-2.6.1/gems/actionpack-5.0.7.1/lib/action_dispatch/middleware/templates/rescues/_request_and_response.html.erb
  Rendered /Users/joaocardoso193/.rvm/gems/ruby-2.6.1/gems/actionpack-5.0.7.1/lib/action_dispatch/middleware/templates/rescues/_request_and_response.html.erb (9.7ms)
  Rendered /Users/joaocardoso193/.rvm/gems/ruby-2.6.1/gems/actionpack-5.0.7.1/lib/action_dispatch/middleware/templates/rescues/diagnostics.html.erb within rescues/layout (69.5ms)
Started GET "/school_classes" for ::1 at 2020-06-23 16:23:01 -0400
Processing by SchoolClassesController#index as HTML
  Rendering school_classes/index.html.erb within layouts/application
  [1m[36mSchoolClass Load (0.2ms)[0m  [1m[34mSELECT "school_classes".* FROM "school_classes"[0m
  Rendered school_classes/index.html.erb within layouts/application (2.1ms)
Completed 200 OK in 37ms (Views: 34.9ms | ActiveRecord: 0.5ms)


Started GET "/school_classes/new" for ::1 at 2020-06-23 16:24:07 -0400
Processing by SchoolClassesController#new as HTML
  Rendering school_classes/new.html.erb within layouts/application
  Rendered school_classes/new.html.erb within layouts/application (13.9ms)
Completed 500 Internal Server Error in 21ms (ActiveRecord: 0.3ms)


  
ActionView::Template::Error (undefined method `integer_field' for #<ActionView::Helpers::FormBuilder:0x00007fd3af4cfbf0>):
    3:   <%= f.text_field :title %><br>
    4: 
    5:   <label>Class Room Number</label><br>
    6:   <%= f.integer_field :room_number %><br>
    7: 
    8:   <%= f.submit %>
    9: <% end %>
  
app/views/school_classes/new.html.erb:6:in `block in _app_views_school_classes_new_html_erb___2333424084042716852_70273577742380'
app/views/school_classes/new.html.erb:1:in `_app_views_school_classes_new_html_erb___2333424084042716852_70273577742380'
  Rendering /Users/joaocardoso193/.rvm/gems/ruby-2.6.1/gems/actionpack-5.0.7.1/lib/action_dispatch/middleware/templates/rescues/template_error.html.erb within rescues/layout
  Rendering /Users/joaocardoso193/.rvm/gems/ruby-2.6.1/gems/actionpack-5.0.7.1/lib/action_dispatch/middleware/templates/rescues/_source.html.erb
  Rendered /Users/joaocardoso193/.rvm/gems/ruby-2.6.1/gems/actionpack-5.0.7.1/lib/action_dispatch/middleware/templates/rescues/_source.html.erb (11.8ms)
  Rendering /Users/joaocardoso193/.rvm/gems/ruby-2.6.1/gems/actionpack-5.0.7.1/lib/action_dispatch/middleware/templates/rescues/_trace.html.erb
  Rendered /Users/joaocardoso193/.rvm/gems/ruby-2.6.1/gems/actionpack-5.0.7.1/lib/action_dispatch/middleware/templates/rescues/_trace.html.erb (1.7ms)
  Rendering /Users/joaocardoso193/.rvm/gems/ruby-2.6.1/gems/actionpack-5.0.7.1/lib/action_dispatch/middleware/templates/rescues/_request_and_response.html.erb
  Rendered /Users/joaocardoso193/.rvm/gems/ruby-2.6.1/gems/actionpack-5.0.7.1/lib/action_dispatch/middleware/templates/rescues/_request_and_response.html.erb (2.3ms)
  Rendered /Users/joaocardoso193/.rvm/gems/ruby-2.6.1/gems/actionpack-5.0.7.1/lib/action_dispatch/middleware/templates/rescues/template_error.html.erb within rescues/layout (32.5ms)
Started GET "/school_classes/new" for ::1 at 2020-06-23 16:24:18 -0400
Processing by SchoolClassesController#new as HTML
  Rendering school_classes/new.html.erb within layouts/application
  Rendered school_classes/new.html.erb within layouts/application (17.7ms)
Completed 500 Internal Server Error in 24ms (ActiveRecord: 0.0ms)


  
ActionView::Template::Error (undefined method `integer' for #<ActionView::Helpers::FormBuilder:0x00007fd3af7df5e8>):
    3:   <%= f.text_field :title %><br>
    4: 
    5:   <label>Class Room Number</label><br>
    6:   <%= f.integer :room_number %><br>
    7: 
    8:   <%= f.submit %>
    9: <% end %>
  
app/views/school_classes/new.html.erb:6:in `block in _app_views_school_classes_new_html_erb___2333424084042716852_70273610036540'
app/views/school_classes/new.html.erb:1:in `_app_views_school_classes_new_html_erb___2333424084042716852_70273610036540'
  Rendering /Users/joaocardoso193/.rvm/gems/ruby-2.6.1/gems/actionpack-5.0.7.1/lib/action_dispatch/middleware/templates/rescues/template_error.html.erb within rescues/layout
  Rendering /Users/joaocardoso193/.rvm/gems/ruby-2.6.1/gems/actionpack-5.0.7.1/lib/action_dispatch/middleware/templates/rescues/_source.html.erb
  Rendered /Users/joaocardoso193/.rvm/gems/ruby-2.6.1/gems/actionpack-5.0.7.1/lib/action_dispatch/middleware/templates/rescues/_source.html.erb (3.7ms)
  Rendering /Users/joaocardoso193/.rvm/gems/ruby-2.6.1/gems/actionpack-5.0.7.1/lib/action_dispatch/middleware/templates/rescues/_trace.html.erb
  Rendered /Users/joaocardoso193/.rvm/gems/ruby-2.6.1/gems/actionpack-5.0.7.1/lib/action_dispatch/middleware/templates/rescues/_trace.html.erb (1.1ms)
  Rendering /Users/joaocardoso193/.rvm/gems/ruby-2.6.1/gems/actionpack-5.0.7.1/lib/action_dispatch/middleware/templates/rescues/_request_and_response.html.erb
  Rendered /Users/joaocardoso193/.rvm/gems/ruby-2.6.1/gems/actionpack-5.0.7.1/lib/action_dispatch/middleware/templates/rescues/_request_and_response.html.erb (0.8ms)
  Rendered /Users/joaocardoso193/.rvm/gems/ruby-2.6.1/gems/actionpack-5.0.7.1/lib/action_dispatch/middleware/templates/rescues/template_error.html.erb within rescues/layout (23.8ms)
Started GET "/school_classes/new" for ::1 at 2020-06-23 16:24:23 -0400
Processing by SchoolClassesController#new as HTML
  Rendering school_classes/new.html.erb within layouts/application
  Rendered school_classes/new.html.erb within layouts/application (18.2ms)
Completed 500 Internal Server Error in 26ms (ActiveRecord: 0.0ms)


  
ActionView::Template::Error (undefined method `number' for #<ActionView::Helpers::FormBuilder:0x00007fd3b3126810>):
    3:   <%= f.text_field :title %><br>
    4: 
    5:   <label>Class Room Number</label><br>
    6:   <%= f.number :room_number %><br>
    7: 
    8:   <%= f.submit %>
    9: <% end %>
  
app/views/school_classes/new.html.erb:6:in `block in _app_views_school_classes_new_html_erb___2333424084042716852_70273564739540'
app/views/school_classes/new.html.erb:1:in `_app_views_school_classes_new_html_erb___2333424084042716852_70273564739540'
  Rendering /Users/joaocardoso193/.rvm/gems/ruby-2.6.1/gems/actionpack-5.0.7.1/lib/action_dispatch/middleware/templates/rescues/template_error.html.erb within rescues/layout
  Rendering /Users/joaocardoso193/.rvm/gems/ruby-2.6.1/gems/actionpack-5.0.7.1/lib/action_dispatch/middleware/templates/rescues/_source.html.erb
  Rendered /Users/joaocardoso193/.rvm/gems/ruby-2.6.1/gems/actionpack-5.0.7.1/lib/action_dispatch/middleware/templates/rescues/_source.html.erb (4.4ms)
  Rendering /Users/joaocardoso193/.rvm/gems/ruby-2.6.1/gems/actionpack-5.0.7.1/lib/action_dispatch/middleware/templates/rescues/_trace.html.erb
  Rendered /Users/joaocardoso193/.rvm/gems/ruby-2.6.1/gems/actionpack-5.0.7.1/lib/action_dispatch/middleware/templates/rescues/_trace.html.erb (1.6ms)
  Rendering /Users/joaocardoso193/.rvm/gems/ruby-2.6.1/gems/actionpack-5.0.7.1/lib/action_dispatch/middleware/templates/rescues/_request_and_response.html.erb
  Rendered /Users/joaocardoso193/.rvm/gems/ruby-2.6.1/gems/actionpack-5.0.7.1/lib/action_dispatch/middleware/templates/rescues/_request_and_response.html.erb (0.7ms)
  Rendered /Users/joaocardoso193/.rvm/gems/ruby-2.6.1/gems/actionpack-5.0.7.1/lib/action_dispatch/middleware/templates/rescues/template_error.html.erb within rescues/layout (34.6ms)
Started GET "/school_classes/new" for ::1 at 2020-06-23 16:25:07 -0400
Processing by SchoolClassesController#new as HTML
  Rendering school_classes/new.html.erb within layouts/application
  Rendered school_classes/new.html.erb within layouts/application (9.9ms)
Completed 200 OK in 42ms (Views: 40.5ms | ActiveRecord: 0.0ms)


Started POST "/school_classes" for ::1 at 2020-06-23 16:25:19 -0400
Processing by SchoolClassesController#create as HTML
  Parameters: {"utf8"=>"✓", "authenticity_token"=>"1adLinzodTAO0KjUPvhLiuWvLDXw8iRZYtmdJBo6upDk4kmntreq9gMC37RkBIPxG8F6EnTGKytv5wFQdg7dwQ==", "school_class"=>{"title"=>"BAZINGA BAZONGA", "room_number"=>"123"}, "commit"=>"Create School class"}
  [1m[35m (0.1ms)[0m  [1m[36mbegin transaction[0m
  [1m[35mSQL (0.6ms)[0m  [1m[32mINSERT INTO "school_classes" ("title", "room_number", "created_at", "updated_at") VALUES (?, ?, ?, ?)[0m  [["title", "BAZINGA BAZONGA"], ["room_number", 123], ["created_at", "2020-06-23 20:25:19.655058"], ["updated_at", "2020-06-23 20:25:19.655058"]]
  [1m[35m (2.8ms)[0m  [1m[36mcommit transaction[0m
Redirected to http://localhost:3000/school_classes/1
Completed 302 Found in 8ms (ActiveRecord: 3.5ms)


Started GET "/school_classes/1" for ::1 at 2020-06-23 16:25:19 -0400
Processing by SchoolClassesController#show as HTML
  Parameters: {"id"=>"1"}
  [1m[36mSchoolClass Load (0.2ms)[0m  [1m[34mSELECT  "school_classes".* FROM "school_classes" WHERE "school_classes"."id" = ? LIMIT ?[0m  [["id", 1], ["LIMIT", 1]]
  Rendering school_classes/show.html.erb within layouts/application
  Rendered school_classes/show.html.erb within layouts/application (1.0ms)
Completed 200 OK in 33ms (Views: 25.2ms | ActiveRecord: 0.2ms)


Started GET "/school_classes/" for ::1 at 2020-06-23 16:25:23 -0400
Processing by SchoolClassesController#index as HTML
  Rendering school_classes/index.html.erb within layouts/application
  [1m[36mSchoolClass Load (0.3ms)[0m  [1m[34mSELECT "school_classes".* FROM "school_classes"[0m
  Rendered school_classes/index.html.erb within layouts/application (2.3ms)
Completed 200 OK in 24ms (Views: 22.0ms | ActiveRecord: 0.3ms)


Started GET "/school_classes/1" for ::1 at 2020-06-23 16:25:52 -0400
Processing by SchoolClassesController#show as HTML
  Parameters: {"id"=>"1"}
  [1m[36mSchoolClass Load (0.2ms)[0m  [1m[34mSELECT  "school_classes".* FROM "school_classes" WHERE "school_classes"."id" = ? LIMIT ?[0m  [["id", 1], ["LIMIT", 1]]
  Rendering school_classes/show.html.erb within layouts/application
  Rendered school_classes/show.html.erb within layouts/application (0.8ms)
Completed 200 OK in 20ms (Views: 17.4ms | ActiveRecord: 0.2ms)


Started GET "/school_classes/1/edit" for ::1 at 2020-06-23 16:26:43 -0400
Processing by SchoolClassesController#edit as HTML
  Parameters: {"id"=>"1"}
  [1m[36mSchoolClass Load (0.2ms)[0m  [1m[34mSELECT  "school_classes".* FROM "school_classes" WHERE "school_classes"."id" = ? LIMIT ?[0m  [["id", 1], ["LIMIT", 1]]
  Rendering school_classes/edit.html.erb within layouts/application
  Rendered school_classes/edit.html.erb within layouts/application (1.2ms)
Completed 200 OK in 52ms (Views: 49.2ms | ActiveRecord: 0.2ms)


Started PATCH "/school_classes/1" for ::1 at 2020-06-23 16:26:45 -0400
Processing by SchoolClassesController#update as HTML
  Parameters: {"utf8"=>"✓", "authenticity_token"=>"8+M7p9SNtGADAeA4XVV3Rd5wsT6o6nrUCsmOYibNdKfCpjmKHtJrpg7Tl1gHqb8+IB7nGSzedaYH9xIWSvkT9g==", "school_class"=>{"title"=>"BAZINGA BAZONGA", "room_number"=>"1234"}, "commit"=>"Update School class", "id"=>"1"}
  [1m[36mSchoolClass Load (0.1ms)[0m  [1m[34mSELECT  "school_classes".* FROM "school_classes" WHERE "school_classes"."id" = ? LIMIT ?[0m  [["id", 1], ["LIMIT", 1]]
  [1m[35m (0.1ms)[0m  [1m[36mbegin transaction[0m
  [1m[35mSQL (0.8ms)[0m  [1m[33mUPDATE "school_classes" SET "room_number" = ?, "updated_at" = ? WHERE "school_classes"."id" = ?[0m  [["room_number", 1234], ["updated_at", "2020-06-23 20:26:45.467104"], ["id", 1]]
  [1m[35m (4.8ms)[0m  [1m[36mcommit transaction[0m
Redirected to http://localhost:3000/school_classes/1
Completed 302 Found in 10ms (ActiveRecord: 5.8ms)


Started GET "/school_classes/1" for ::1 at 2020-06-23 16:26:45 -0400
Processing by SchoolClassesController#show as HTML
  Parameters: {"id"=>"1"}
  [1m[36mSchoolClass Load (0.1ms)[0m  [1m[34mSELECT  "school_classes".* FROM "school_classes" WHERE "school_classes"."id" = ? LIMIT ?[0m  [["id", 1], ["LIMIT", 1]]
  Rendering school_classes/show.html.erb within layouts/application
  Rendered school_classes/show.html.erb within layouts/application (0.5ms)
Completed 200 OK in 34ms (Views: 28.9ms | ActiveRecord: 0.1ms)


Started GET "/school_classes/" for ::1 at 2020-06-23 16:26:47 -0400
Processing by SchoolClassesController#index as HTML
  Rendering school_classes/index.html.erb within layouts/application
  [1m[36mSchoolClass Load (0.1ms)[0m  [1m[34mSELECT "school_classes".* FROM "school_classes"[0m
  Rendered school_classes/index.html.erb within layouts/application (1.0ms)
Completed 200 OK in 24ms (Views: 21.6ms | ActiveRecord: 0.1ms)


